<?xml version="1.0" encoding="UTF-8"?>
<!-- Generated by org.testng.reporters.JUnitXMLReporter -->
<testsuite hostname="IN01N00693" name="Test" tests="1" failures="1" timestamp="12 Nov 2018 12:47:47 GMT" time="0.623" errors="0">
  <testcase name="@AfterMethod afterMethod" time="0.0" classname="com.testCases.Framework_001">
    <failure type="java.lang.NullPointerException">
      <![CDATA[java.lang.NullPointerException
	at com.testCases.Framework_001.afterMethod(Framework_001.java:133)
... Removed 26 stack frames]]>
    </failure>
  </testcase> <!-- @AfterMethod afterMethod -->
  <testcase name="main" time="0.094" classname="com.testCases.Framework_001">
    <failure type="java.lang.Exception">
      <![CDATA[java.lang.Exception
	at com.utility.Utils.takeScreenshot(Utils.java:90)
	at com.testCases.Framework_001.main(Framework_001.java:107)
... Removed 24 stack frames]]>
    </failure>
  </testcase> <!-- main -->
</testsuite> <!-- Test -->
